<?xml version="1.0" encoding="UTF-8"?>
<testsuite xmlns:xsi="http://www.w3.org/2001/XMLSchema-instance" xsi:noNamespaceSchemaLocation="https://maven.apache.org/surefire/maven-surefire-plugin/xsd/surefire-test-report-3.0.xsd" version="3.0" name="com.transportsolution.transportsolution.TransportSolutionApplicationTests" time="7.959" tests="1" errors="0" skipped="0" failures="0">
  <properties>
    <property name="java.specification.version" value="17"/>
    <property name="sun.jnu.encoding" value="UTF-8"/>
    <property name="java.class.path" value="/Users/ellenalliv/diplom/transport_solutions/core_service/target/test-classes:/Users/ellenalliv/diplom/transport_solutions/core_service/target/classes:/Users/ellenalliv/.m2/repository/org/springframework/boot/spring-boot-starter-data-jpa/3.2.5/spring-boot-starter-data-jpa-3.2.5.jar:/Users/ellenalliv/.m2/repository/org/springframework/boot/spring-boot-starter-aop/3.2.5/spring-boot-starter-aop-3.2.5.jar:/Users/ellenalliv/.m2/repository/org/springframework/spring-aop/6.1.6/spring-aop-6.1.6.jar:/Users/ellenalliv/.m2/repository/org/aspectj/aspectjweaver/1.9.22/aspectjweaver-1.9.22.jar:/Users/ellenalliv/.m2/repository/org/springframework/boot/spring-boot-starter-jdbc/3.2.5/spring-boot-starter-jdbc-3.2.5.jar:/Users/ellenalliv/.m2/repository/com/zaxxer/HikariCP/5.0.1/HikariCP-5.0.1.jar:/Users/ellenalliv/.m2/repository/org/springframework/spring-jdbc/6.1.6/spring-jdbc-6.1.6.jar:/Users/ellenalliv/.m2/repository/org/hibernate/orm/hibernate-core/6.4.4.Final/hibernate-core-6.4.4.Final.jar:/Users/ellenalliv/.m2/repository/jakarta/persistence/jakarta.persistence-api/3.1.0/jakarta.persistence-api-3.1.0.jar:/Users/ellenalliv/.m2/repository/jakarta/transaction/jakarta.transaction-api/2.0.1/jakarta.transaction-api-2.0.1.jar:/Users/ellenalliv/.m2/repository/org/jboss/logging/jboss-logging/3.5.3.Final/jboss-logging-3.5.3.Final.jar:/Users/ellenalliv/.m2/repository/org/hibernate/common/hibernate-commons-annotations/6.0.6.Final/hibernate-commons-annotations-6.0.6.Final.jar:/Users/ellenalliv/.m2/repository/io/smallrye/jandex/3.1.2/jandex-3.1.2.jar:/Users/ellenalliv/.m2/repository/com/fasterxml/classmate/1.6.0/classmate-1.6.0.jar:/Users/ellenalliv/.m2/repository/net/bytebuddy/byte-buddy/1.14.13/byte-buddy-1.14.13.jar:/Users/ellenalliv/.m2/repository/org/glassfish/jaxb/jaxb-runtime/4.0.5/jaxb-runtime-4.0.5.jar:/Users/ellenalliv/.m2/repository/jakarta/inject/jakarta.inject-api/2.0.1/jakarta.inject-api-2.0.1.jar:/Users/ellenalliv/.m2/repository/org/antlr/antlr4-runtime/4.13.0/antlr4-runtime-4.13.0.jar:/Users/ellenalliv/.m2/repository/org/springframework/data/spring-data-jpa/3.2.5/spring-data-jpa-3.2.5.jar:/Users/ellenalliv/.m2/repository/org/springframework/data/spring-data-commons/3.2.5/spring-data-commons-3.2.5.jar:/Users/ellenalliv/.m2/repository/org/springframework/spring-orm/6.1.6/spring-orm-6.1.6.jar:/Users/ellenalliv/.m2/repository/org/springframework/spring-context/6.1.6/spring-context-6.1.6.jar:/Users/ellenalliv/.m2/repository/org/springframework/spring-tx/6.1.6/spring-tx-6.1.6.jar:/Users/ellenalliv/.m2/repository/org/springframework/spring-beans/6.1.6/spring-beans-6.1.6.jar:/Users/ellenalliv/.m2/repository/jakarta/annotation/jakarta.annotation-api/2.1.1/jakarta.annotation-api-2.1.1.jar:/Users/ellenalliv/.m2/repository/org/slf4j/slf4j-api/2.0.13/slf4j-api-2.0.13.jar:/Users/ellenalliv/.m2/repository/org/springframework/spring-aspects/6.1.6/spring-aspects-6.1.6.jar:/Users/ellenalliv/.m2/repository/org/springframework/boot/spring-boot-starter-oauth2-client/3.2.5/spring-boot-starter-oauth2-client-3.2.5.jar:/Users/ellenalliv/.m2/repository/org/springframework/boot/spring-boot-starter/3.2.5/spring-boot-starter-3.2.5.jar:/Users/ellenalliv/.m2/repository/org/springframework/boot/spring-boot/3.2.5/spring-boot-3.2.5.jar:/Users/ellenalliv/.m2/repository/org/springframework/boot/spring-boot-autoconfigure/3.2.5/spring-boot-autoconfigure-3.2.5.jar:/Users/ellenalliv/.m2/repository/org/springframework/boot/spring-boot-starter-logging/3.2.5/spring-boot-starter-logging-3.2.5.jar:/Users/ellenalliv/.m2/repository/ch/qos/logback/logback-classic/1.4.14/logback-classic-1.4.14.jar:/Users/ellenalliv/.m2/repository/ch/qos/logback/logback-core/1.4.14/logback-core-1.4.14.jar:/Users/ellenalliv/.m2/repository/org/apache/logging/log4j/log4j-to-slf4j/2.21.1/log4j-to-slf4j-2.21.1.jar:/Users/ellenalliv/.m2/repository/org/apache/logging/log4j/log4j-api/2.21.1/log4j-api-2.21.1.jar:/Users/ellenalliv/.m2/repository/org/slf4j/jul-to-slf4j/2.0.13/jul-to-slf4j-2.0.13.jar:/Users/ellenalliv/.m2/repository/org/yaml/snakeyaml/2.2/snakeyaml-2.2.jar:/Users/ellenalliv/.m2/repository/org/springframework/security/spring-security-config/6.2.4/spring-security-config-6.2.4.jar:/Users/ellenalliv/.m2/repository/org/springframework/security/spring-security-core/6.2.4/spring-security-core-6.2.4.jar:/Users/ellenalliv/.m2/repository/org/springframework/security/spring-security-crypto/6.2.4/spring-security-crypto-6.2.4.jar:/Users/ellenalliv/.m2/repository/org/springframework/spring-expression/6.1.6/spring-expression-6.1.6.jar:/Users/ellenalliv/.m2/repository/io/micrometer/micrometer-observation/1.12.5/micrometer-observation-1.12.5.jar:/Users/ellenalliv/.m2/repository/io/micrometer/micrometer-commons/1.12.5/micrometer-commons-1.12.5.jar:/Users/ellenalliv/.m2/repository/org/springframework/security/spring-security-oauth2-client/6.2.4/spring-security-oauth2-client-6.2.4.jar:/Users/ellenalliv/.m2/repository/org/springframework/security/spring-security-oauth2-core/6.2.4/spring-security-oauth2-core-6.2.4.jar:/Users/ellenalliv/.m2/repository/org/springframework/security/spring-security-web/6.2.4/spring-security-web-6.2.4.jar:/Users/ellenalliv/.m2/repository/com/nimbusds/oauth2-oidc-sdk/9.43.3/oauth2-oidc-sdk-9.43.3.jar:/Users/ellenalliv/.m2/repository/com/github/stephenc/jcip/jcip-annotations/1.0-1/jcip-annotations-1.0-1.jar:/Users/ellenalliv/.m2/repository/com/nimbusds/content-type/2.2/content-type-2.2.jar:/Users/ellenalliv/.m2/repository/com/nimbusds/lang-tag/1.7/lang-tag-1.7.jar:/Users/ellenalliv/.m2/repository/org/springframework/security/spring-security-oauth2-jose/6.2.4/spring-security-oauth2-jose-6.2.4.jar:/Users/ellenalliv/.m2/repository/com/nimbusds/nimbus-jose-jwt/9.24.4/nimbus-jose-jwt-9.24.4.jar:/Users/ellenalliv/.m2/repository/org/springframework/boot/spring-boot-starter-oauth2-resource-server/3.2.5/spring-boot-starter-oauth2-resource-server-3.2.5.jar:/Users/ellenalliv/.m2/repository/org/springframework/security/spring-security-oauth2-resource-server/6.2.4/spring-security-oauth2-resource-server-6.2.4.jar:/Users/ellenalliv/.m2/repository/org/springframework/boot/spring-boot-starter-validation/3.2.5/spring-boot-starter-validation-3.2.5.jar:/Users/ellenalliv/.m2/repository/org/apache/tomcat/embed/tomcat-embed-el/10.1.20/tomcat-embed-el-10.1.20.jar:/Users/ellenalliv/.m2/repository/org/hibernate/validator/hibernate-validator/8.0.1.Final/hibernate-validator-8.0.1.Final.jar:/Users/ellenalliv/.m2/repository/jakarta/validation/jakarta.validation-api/3.0.2/jakarta.validation-api-3.0.2.jar:/Users/ellenalliv/.m2/repository/org/springframework/boot/spring-boot-starter-web/3.2.5/spring-boot-starter-web-3.2.5.jar:/Users/ellenalliv/.m2/repository/org/springframework/boot/spring-boot-starter-json/3.2.5/spring-boot-starter-json-3.2.5.jar:/Users/ellenalliv/.m2/repository/com/fasterxml/jackson/core/jackson-databind/2.15.4/jackson-databind-2.15.4.jar:/Users/ellenalliv/.m2/repository/com/fasterxml/jackson/datatype/jackson-datatype-jdk8/2.15.4/jackson-datatype-jdk8-2.15.4.jar:/Users/ellenalliv/.m2/repository/com/fasterxml/jackson/datatype/jackson-datatype-jsr310/2.15.4/jackson-datatype-jsr310-2.15.4.jar:/Users/ellenalliv/.m2/repository/com/fasterxml/jackson/module/jackson-module-parameter-names/2.15.4/jackson-module-parameter-names-2.15.4.jar:/Users/ellenalliv/.m2/repository/org/springframework/boot/spring-boot-starter-tomcat/3.2.5/spring-boot-starter-tomcat-3.2.5.jar:/Users/ellenalliv/.m2/repository/org/apache/tomcat/embed/tomcat-embed-core/10.1.20/tomcat-embed-core-10.1.20.jar:/Users/ellenalliv/.m2/repository/org/apache/tomcat/embed/tomcat-embed-websocket/10.1.20/tomcat-embed-websocket-10.1.20.jar:/Users/ellenalliv/.m2/repository/org/springframework/spring-web/6.1.6/spring-web-6.1.6.jar:/Users/ellenalliv/.m2/repository/org/springframework/spring-webmvc/6.1.6/spring-webmvc-6.1.6.jar:/Users/ellenalliv/.m2/repository/org/postgresql/postgresql/42.6.2/postgresql-42.6.2.jar:/Users/ellenalliv/.m2/repository/org/checkerframework/checker-qual/3.31.0/checker-qual-3.31.0.jar:/Users/ellenalliv/.m2/repository/org/projectlombok/lombok/1.18.32/lombok-1.18.32.jar:/Users/ellenalliv/.m2/repository/org/keycloak/keycloak-spring-boot-starter/24.0.4/keycloak-spring-boot-starter-24.0.4.jar:/Users/ellenalliv/.m2/repository/org/keycloak/keycloak-spring-boot-2-adapter/24.0.4/keycloak-spring-boot-2-adapter-24.0.4.jar:/Users/ellenalliv/.m2/repository/org/keycloak/keycloak-spring-boot-adapter-core/24.0.4/keycloak-spring-boot-adapter-core-24.0.4.jar:/Users/ellenalliv/.m2/repository/org/keycloak/keycloak-authz-client/24.0.4/keycloak-authz-client-24.0.4.jar:/Users/ellenalliv/.m2/repository/org/apache/httpcomponents/httpclient/4.5.14/httpclient-4.5.14.jar:/Users/ellenalliv/.m2/repository/org/apache/httpcomponents/httpcore/4.4.16/httpcore-4.4.16.jar:/Users/ellenalliv/.m2/repository/commons-logging/commons-logging/1.2/commons-logging-1.2.jar:/Users/ellenalliv/.m2/repository/org/keycloak/spring-boot-container-bundle/24.0.4/spring-boot-container-bundle-24.0.4.jar:/Users/ellenalliv/.m2/repository/org/keycloak/keycloak-adapter-core/24.0.4/keycloak-adapter-core-24.0.4.jar:/Users/ellenalliv/.m2/repository/org/keycloak/keycloak-crypto-default/24.0.4/keycloak-crypto-default-24.0.4.jar:/Users/ellenalliv/.m2/repository/org/keycloak/keycloak-server-spi/24.0.4/keycloak-server-spi-24.0.4.jar:/Users/ellenalliv/.m2/repository/org/keycloak/keycloak-server-spi-private/24.0.4/keycloak-server-spi-private-24.0.4.jar:/Users/ellenalliv/.m2/repository/org/bouncycastle/bcpkix-jdk18on/1.77/bcpkix-jdk18on-1.77.jar:/Users/ellenalliv/.m2/repository/org/bouncycastle/bcutil-jdk18on/1.77/bcutil-jdk18on-1.77.jar:/Users/ellenalliv/.m2/repository/org/keycloak/keycloak-spring-security-adapter/24.0.4/keycloak-spring-security-adapter-24.0.4.jar:/Users/ellenalliv/.m2/repository/org/keycloak/keycloak-adapter-spi/24.0.4/keycloak-adapter-spi-24.0.4.jar:/Users/ellenalliv/.m2/repository/org/keycloak/keycloak-policy-enforcer/24.0.4/keycloak-policy-enforcer-24.0.4.jar:/Users/ellenalliv/.m2/repository/org/bouncycastle/bcprov-jdk18on/1.77/bcprov-jdk18on-1.77.jar:/Users/ellenalliv/.m2/repository/com/fasterxml/jackson/core/jackson-core/2.15.4/jackson-core-2.15.4.jar:/Users/ellenalliv/.m2/repository/com/fasterxml/jackson/core/jackson-annotations/2.15.4/jackson-annotations-2.15.4.jar:/Users/ellenalliv/.m2/repository/org/keycloak/keycloak-admin-client/24.0.4/keycloak-admin-client-24.0.4.jar:/Users/ellenalliv/.m2/repository/org/keycloak/keycloak-core/24.0.4/keycloak-core-24.0.4.jar:/Users/ellenalliv/.m2/repository/org/keycloak/keycloak-common/24.0.4/keycloak-common-24.0.4.jar:/Users/ellenalliv/.m2/repository/org/jboss/resteasy/resteasy-client/6.2.7.Final/resteasy-client-6.2.7.Final.jar:/Users/ellenalliv/.m2/repository/org/jboss/resteasy/resteasy-client-api/6.2.7.Final/resteasy-client-api-6.2.7.Final.jar:/Users/ellenalliv/.m2/repository/org/jboss/resteasy/resteasy-core-spi/6.2.7.Final/resteasy-core-spi-6.2.7.Final.jar:/Users/ellenalliv/.m2/repository/org/jboss/resteasy/resteasy-core/6.2.7.Final/resteasy-core-6.2.7.Final.jar:/Users/ellenalliv/.m2/repository/org/jboss/jandex/2.4.4.Final/jandex-2.4.4.Final.jar:/Users/ellenalliv/.m2/repository/org/eclipse/angus/angus-activation/2.0.2/angus-activation-2.0.2.jar:/Users/ellenalliv/.m2/repository/com/ibm/async/asyncutil/0.1.0/asyncutil-0.1.0.jar:/Users/ellenalliv/.m2/repository/commons-codec/commons-codec/1.16.1/commons-codec-1.16.1.jar:/Users/ellenalliv/.m2/repository/jakarta/ws/rs/jakarta.ws.rs-api/3.1.0/jakarta.ws.rs-api-3.1.0.jar:/Users/ellenalliv/.m2/repository/org/reactivestreams/reactive-streams/1.0.4/reactive-streams-1.0.4.jar:/Users/ellenalliv/.m2/repository/org/jboss/resteasy/resteasy-multipart-provider/6.2.7.Final/resteasy-multipart-provider-6.2.7.Final.jar:/Users/ellenalliv/.m2/repository/jakarta/mail/jakarta.mail-api/2.1.3/jakarta.mail-api-2.1.3.jar:/Users/ellenalliv/.m2/repository/org/eclipse/angus/angus-mail/2.0.3/angus-mail-2.0.3.jar:/Users/ellenalliv/.m2/repository/org/apache/james/apache-mime4j-dom/0.8.9/apache-mime4j-dom-0.8.9.jar:/Users/ellenalliv/.m2/repository/org/apache/james/apache-mime4j-core/0.8.9/apache-mime4j-core-0.8.9.jar:/Users/ellenalliv/.m2/repository/org/apache/james/apache-mime4j-storage/0.8.9/apache-mime4j-storage-0.8.9.jar:/Users/ellenalliv/.m2/repository/commons-io/commons-io/2.11.0/commons-io-2.11.0.jar:/Users/ellenalliv/.m2/repository/org/jboss/resteasy/resteasy-jackson2-provider/6.2.7.Final/resteasy-jackson2-provider-6.2.7.Final.jar:/Users/ellenalliv/.m2/repository/com/fasterxml/jackson/jakarta/rs/jackson-jakarta-rs-base/2.15.4/jackson-jakarta-rs-base-2.15.4.jar:/Users/ellenalliv/.m2/repository/com/fasterxml/jackson/jakarta/rs/jackson-jakarta-rs-json-provider/2.15.4/jackson-jakarta-rs-json-provider-2.15.4.jar:/Users/ellenalliv/.m2/repository/com/fasterxml/jackson/module/jackson-module-jakarta-xmlbind-annotations/2.15.4/jackson-module-jakarta-xmlbind-annotations-2.15.4.jar:/Users/ellenalliv/.m2/repository/com/github/java-json-tools/json-patch/1.13/json-patch-1.13.jar:/Users/ellenalliv/.m2/repository/com/github/java-json-tools/msg-simple/1.2/msg-simple-1.2.jar:/Users/ellenalliv/.m2/repository/com/github/java-json-tools/btf/1.3/btf-1.3.jar:/Users/ellenalliv/.m2/repository/com/github/java-json-tools/jackson-coreutils/2.0/jackson-coreutils-2.0.jar:/Users/ellenalliv/.m2/repository/org/jboss/resteasy/resteasy-jaxb-provider/6.2.7.Final/resteasy-jaxb-provider-6.2.7.Final.jar:/Users/ellenalliv/.m2/repository/org/glassfish/jaxb/codemodel/4.0.5/codemodel-4.0.5.jar:/Users/ellenalliv/.m2/repository/org/glassfish/jaxb/jaxb-core/4.0.5/jaxb-core-4.0.5.jar:/Users/ellenalliv/.m2/repository/org/glassfish/jaxb/jaxb-jxc/4.0.5/jaxb-jxc-4.0.5.jar:/Users/ellenalliv/.m2/repository/org/glassfish/jaxb/txw2/4.0.5/txw2-4.0.5.jar:/Users/ellenalliv/.m2/repository/org/glassfish/jaxb/jaxb-xjc/4.0.5/jaxb-xjc-4.0.5.jar:/Users/ellenalliv/.m2/repository/org/glassfish/jaxb/xsom/4.0.5/xsom-4.0.5.jar:/Users/ellenalliv/.m2/repository/com/sun/istack/istack-commons-runtime/4.1.2/istack-commons-runtime-4.1.2.jar:/Users/ellenalliv/.m2/repository/com/sun/istack/istack-commons-tools/4.1.2/istack-commons-tools-4.1.2.jar:/Users/ellenalliv/.m2/repository/com/sun/xml/bind/external/relaxng-datatype/4.0.3/relaxng-datatype-4.0.3.jar:/Users/ellenalliv/.m2/repository/com/sun/xml/bind/external/rngom/4.0.3/rngom-4.0.3.jar:/Users/ellenalliv/.m2/repository/org/springframework/boot/spring-boot-starter-test/3.2.5/spring-boot-starter-test-3.2.5.jar:/Users/ellenalliv/.m2/repository/org/springframework/boot/spring-boot-test/3.2.5/spring-boot-test-3.2.5.jar:/Users/ellenalliv/.m2/repository/org/springframework/boot/spring-boot-test-autoconfigure/3.2.5/spring-boot-test-autoconfigure-3.2.5.jar:/Users/ellenalliv/.m2/repository/com/jayway/jsonpath/json-path/2.9.0/json-path-2.9.0.jar:/Users/ellenalliv/.m2/repository/jakarta/xml/bind/jakarta.xml.bind-api/4.0.2/jakarta.xml.bind-api-4.0.2.jar:/Users/ellenalliv/.m2/repository/jakarta/activation/jakarta.activation-api/2.1.3/jakarta.activation-api-2.1.3.jar:/Users/ellenalliv/.m2/repository/net/minidev/json-smart/2.5.1/json-smart-2.5.1.jar:/Users/ellenalliv/.m2/repository/net/minidev/accessors-smart/2.5.1/accessors-smart-2.5.1.jar:/Users/ellenalliv/.m2/repository/org/ow2/asm/asm/9.6/asm-9.6.jar:/Users/ellenalliv/.m2/repository/org/assertj/assertj-core/3.24.2/assertj-core-3.24.2.jar:/Users/ellenalliv/.m2/repository/org/awaitility/awaitility/4.2.1/awaitility-4.2.1.jar:/Users/ellenalliv/.m2/repository/org/hamcrest/hamcrest/2.2/hamcrest-2.2.jar:/Users/ellenalliv/.m2/repository/org/junit/jupiter/junit-jupiter/5.10.2/junit-jupiter-5.10.2.jar:/Users/ellenalliv/.m2/repository/org/junit/jupiter/junit-jupiter-api/5.10.2/junit-jupiter-api-5.10.2.jar:/Users/ellenalliv/.m2/repository/org/opentest4j/opentest4j/1.3.0/opentest4j-1.3.0.jar:/Users/ellenalliv/.m2/repository/org/junit/platform/junit-platform-commons/1.10.2/junit-platform-commons-1.10.2.jar:/Users/ellenalliv/.m2/repository/org/apiguardian/apiguardian-api/1.1.2/apiguardian-api-1.1.2.jar:/Users/ellenalliv/.m2/repository/org/junit/jupiter/junit-jupiter-params/5.10.2/junit-jupiter-params-5.10.2.jar:/Users/ellenalliv/.m2/repository/org/junit/jupiter/junit-jupiter-engine/5.10.2/junit-jupiter-engine-5.10.2.jar:/Users/ellenalliv/.m2/repository/org/junit/platform/junit-platform-engine/1.10.2/junit-platform-engine-1.10.2.jar:/Users/ellenalliv/.m2/repository/org/mockito/mockito-core/5.7.0/mockito-core-5.7.0.jar:/Users/ellenalliv/.m2/repository/net/bytebuddy/byte-buddy-agent/1.14.13/byte-buddy-agent-1.14.13.jar:/Users/ellenalliv/.m2/repository/org/objenesis/objenesis/3.3/objenesis-3.3.jar:/Users/ellenalliv/.m2/repository/org/mockito/mockito-junit-jupiter/5.7.0/mockito-junit-jupiter-5.7.0.jar:/Users/ellenalliv/.m2/repository/org/skyscreamer/jsonassert/1.5.1/jsonassert-1.5.1.jar:/Users/ellenalliv/.m2/repository/com/vaadin/external/google/android-json/0.0.20131108.vaadin1/android-json-0.0.20131108.vaadin1.jar:/Users/ellenalliv/.m2/repository/org/springframework/spring-core/6.1.6/spring-core-6.1.6.jar:/Users/ellenalliv/.m2/repository/org/springframework/spring-jcl/6.1.6/spring-jcl-6.1.6.jar:/Users/ellenalliv/.m2/repository/org/springframework/spring-test/6.1.6/spring-test-6.1.6.jar:/Users/ellenalliv/.m2/repository/org/xmlunit/xmlunit-core/2.9.1/xmlunit-core-2.9.1.jar:/Users/ellenalliv/.m2/repository/com/itextpdf/barcodes/8.0.4/barcodes-8.0.4.jar:/Users/ellenalliv/.m2/repository/com/itextpdf/font-asian/8.0.4/font-asian-8.0.4.jar:/Users/ellenalliv/.m2/repository/com/itextpdf/forms/8.0.4/forms-8.0.4.jar:/Users/ellenalliv/.m2/repository/com/itextpdf/hyph/8.0.4/hyph-8.0.4.jar:/Users/ellenalliv/.m2/repository/com/itextpdf/io/8.0.4/io-8.0.4.jar:/Users/ellenalliv/.m2/repository/com/itextpdf/commons/8.0.4/commons-8.0.4.jar:/Users/ellenalliv/.m2/repository/com/itextpdf/kernel/8.0.4/kernel-8.0.4.jar:/Users/ellenalliv/.m2/repository/com/itextpdf/layout/8.0.4/layout-8.0.4.jar:/Users/ellenalliv/.m2/repository/com/itextpdf/pdfa/8.0.4/pdfa-8.0.4.jar:/Users/ellenalliv/.m2/repository/com/itextpdf/sign/8.0.4/sign-8.0.4.jar:/Users/ellenalliv/.m2/repository/com/itextpdf/styled-xml-parser/8.0.4/styled-xml-parser-8.0.4.jar:/Users/ellenalliv/.m2/repository/com/itextpdf/svg/8.0.4/svg-8.0.4.jar:/Users/ellenalliv/.m2/repository/com/itextpdf/bouncy-castle-connector/8.0.4/bouncy-castle-connector-8.0.4.jar:/Users/ellenalliv/.m2/repository/com/itextpdf/pdfua/8.0.4/pdfua-8.0.4.jar:"/>
    <property name="java.vm.vendor" value="Eclipse Adoptium"/>
    <property name="sun.arch.data.model" value="64"/>
    <property name="java.vendor.url" value="https://adoptium.net/"/>
    <property name="user.timezone" value="Asia/Yekaterinburg"/>
    <property name="org.jboss.logging.provider" value="slf4j"/>
    <property name="os.name" value="Mac OS X"/>
    <property name="java.vm.specification.version" value="17"/>
    <property name="sun.java.launcher" value="SUN_STANDARD"/>
    <property name="user.country" value="RU"/>
    <property name="sun.boot.library.path" value="/Users/ellenalliv/.sdkman/candidates/java/17.0.8-tem/lib"/>
    <property name="sun.java.command" value="/Users/ellenalliv/diplom/transport_solutions/core_service/target/surefire/surefirebooter-20240522123702456_3.jar /Users/ellenalliv/diplom/transport_solutions/core_service/target/surefire 2024-05-22T12-37-02_403-jvmRun1 surefire-20240522123702456_1tmp surefire_0-20240522123702456_2tmp"/>
    <property name="http.nonProxyHosts" value="local|*.local|169.254/16|*.169.254/16"/>
    <property name="jdk.debug" value="release"/>
    <property name="surefire.test.class.path" value="/Users/ellenalliv/diplom/transport_solutions/core_service/target/test-classes:/Users/ellenalliv/diplom/transport_solutions/core_service/target/classes:/Users/ellenalliv/.m2/repository/org/springframework/boot/spring-boot-starter-data-jpa/3.2.5/spring-boot-starter-data-jpa-3.2.5.jar:/Users/ellenalliv/.m2/repository/org/springframework/boot/spring-boot-starter-aop/3.2.5/spring-boot-starter-aop-3.2.5.jar:/Users/ellenalliv/.m2/repository/org/springframework/spring-aop/6.1.6/spring-aop-6.1.6.jar:/Users/ellenalliv/.m2/repository/org/aspectj/aspectjweaver/1.9.22/aspectjweaver-1.9.22.jar:/Users/ellenalliv/.m2/repository/org/springframework/boot/spring-boot-starter-jdbc/3.2.5/spring-boot-starter-jdbc-3.2.5.jar:/Users/ellenalliv/.m2/repository/com/zaxxer/HikariCP/5.0.1/HikariCP-5.0.1.jar:/Users/ellenalliv/.m2/repository/org/springframework/spring-jdbc/6.1.6/spring-jdbc-6.1.6.jar:/Users/ellenalliv/.m2/repository/org/hibernate/orm/hibernate-core/6.4.4.Final/hibernate-core-6.4.4.Final.jar:/Users/ellenalliv/.m2/repository/jakarta/persistence/jakarta.persistence-api/3.1.0/jakarta.persistence-api-3.1.0.jar:/Users/ellenalliv/.m2/repository/jakarta/transaction/jakarta.transaction-api/2.0.1/jakarta.transaction-api-2.0.1.jar:/Users/ellenalliv/.m2/repository/org/jboss/logging/jboss-logging/3.5.3.Final/jboss-logging-3.5.3.Final.jar:/Users/ellenalliv/.m2/repository/org/hibernate/common/hibernate-commons-annotations/6.0.6.Final/hibernate-commons-annotations-6.0.6.Final.jar:/Users/ellenalliv/.m2/repository/io/smallrye/jandex/3.1.2/jandex-3.1.2.jar:/Users/ellenalliv/.m2/repository/com/fasterxml/classmate/1.6.0/classmate-1.6.0.jar:/Users/ellenalliv/.m2/repository/net/bytebuddy/byte-buddy/1.14.13/byte-buddy-1.14.13.jar:/Users/ellenalliv/.m2/repository/org/glassfish/jaxb/jaxb-runtime/4.0.5/jaxb-runtime-4.0.5.jar:/Users/ellenalliv/.m2/repository/jakarta/inject/jakarta.inject-api/2.0.1/jakarta.inject-api-2.0.1.jar:/Users/ellenalliv/.m2/repository/org/antlr/antlr4-runtime/4.13.0/antlr4-runtime-4.13.0.jar:/Users/ellenalliv/.m2/repository/org/springframework/data/spring-data-jpa/3.2.5/spring-data-jpa-3.2.5.jar:/Users/ellenalliv/.m2/repository/org/springframework/data/spring-data-commons/3.2.5/spring-data-commons-3.2.5.jar:/Users/ellenalliv/.m2/repository/org/springframework/spring-orm/6.1.6/spring-orm-6.1.6.jar:/Users/ellenalliv/.m2/repository/org/springframework/spring-context/6.1.6/spring-context-6.1.6.jar:/Users/ellenalliv/.m2/repository/org/springframework/spring-tx/6.1.6/spring-tx-6.1.6.jar:/Users/ellenalliv/.m2/repository/org/springframework/spring-beans/6.1.6/spring-beans-6.1.6.jar:/Users/ellenalliv/.m2/repository/jakarta/annotation/jakarta.annotation-api/2.1.1/jakarta.annotation-api-2.1.1.jar:/Users/ellenalliv/.m2/repository/org/slf4j/slf4j-api/2.0.13/slf4j-api-2.0.13.jar:/Users/ellenalliv/.m2/repository/org/springframework/spring-aspects/6.1.6/spring-aspects-6.1.6.jar:/Users/ellenalliv/.m2/repository/org/springframework/boot/spring-boot-starter-oauth2-client/3.2.5/spring-boot-starter-oauth2-client-3.2.5.jar:/Users/ellenalliv/.m2/repository/org/springframework/boot/spring-boot-starter/3.2.5/spring-boot-starter-3.2.5.jar:/Users/ellenalliv/.m2/repository/org/springframework/boot/spring-boot/3.2.5/spring-boot-3.2.5.jar:/Users/ellenalliv/.m2/repository/org/springframework/boot/spring-boot-autoconfigure/3.2.5/spring-boot-autoconfigure-3.2.5.jar:/Users/ellenalliv/.m2/repository/org/springframework/boot/spring-boot-starter-logging/3.2.5/spring-boot-starter-logging-3.2.5.jar:/Users/ellenalliv/.m2/repository/ch/qos/logback/logback-classic/1.4.14/logback-classic-1.4.14.jar:/Users/ellenalliv/.m2/repository/ch/qos/logback/logback-core/1.4.14/logback-core-1.4.14.jar:/Users/ellenalliv/.m2/repository/org/apache/logging/log4j/log4j-to-slf4j/2.21.1/log4j-to-slf4j-2.21.1.jar:/Users/ellenalliv/.m2/repository/org/apache/logging/log4j/log4j-api/2.21.1/log4j-api-2.21.1.jar:/Users/ellenalliv/.m2/repository/org/slf4j/jul-to-slf4j/2.0.13/jul-to-slf4j-2.0.13.jar:/Users/ellenalliv/.m2/repository/org/yaml/snakeyaml/2.2/snakeyaml-2.2.jar:/Users/ellenalliv/.m2/repository/org/springframework/security/spring-security-config/6.2.4/spring-security-config-6.2.4.jar:/Users/ellenalliv/.m2/repository/org/springframework/security/spring-security-core/6.2.4/spring-security-core-6.2.4.jar:/Users/ellenalliv/.m2/repository/org/springframework/security/spring-security-crypto/6.2.4/spring-security-crypto-6.2.4.jar:/Users/ellenalliv/.m2/repository/org/springframework/spring-expression/6.1.6/spring-expression-6.1.6.jar:/Users/ellenalliv/.m2/repository/io/micrometer/micrometer-observation/1.12.5/micrometer-observation-1.12.5.jar:/Users/ellenalliv/.m2/repository/io/micrometer/micrometer-commons/1.12.5/micrometer-commons-1.12.5.jar:/Users/ellenalliv/.m2/repository/org/springframework/security/spring-security-oauth2-client/6.2.4/spring-security-oauth2-client-6.2.4.jar:/Users/ellenalliv/.m2/repository/org/springframework/security/spring-security-oauth2-core/6.2.4/spring-security-oauth2-core-6.2.4.jar:/Users/ellenalliv/.m2/repository/org/springframework/security/spring-security-web/6.2.4/spring-security-web-6.2.4.jar:/Users/ellenalliv/.m2/repository/com/nimbusds/oauth2-oidc-sdk/9.43.3/oauth2-oidc-sdk-9.43.3.jar:/Users/ellenalliv/.m2/repository/com/github/stephenc/jcip/jcip-annotations/1.0-1/jcip-annotations-1.0-1.jar:/Users/ellenalliv/.m2/repository/com/nimbusds/content-type/2.2/content-type-2.2.jar:/Users/ellenalliv/.m2/repository/com/nimbusds/lang-tag/1.7/lang-tag-1.7.jar:/Users/ellenalliv/.m2/repository/org/springframework/security/spring-security-oauth2-jose/6.2.4/spring-security-oauth2-jose-6.2.4.jar:/Users/ellenalliv/.m2/repository/com/nimbusds/nimbus-jose-jwt/9.24.4/nimbus-jose-jwt-9.24.4.jar:/Users/ellenalliv/.m2/repository/org/springframework/boot/spring-boot-starter-oauth2-resource-server/3.2.5/spring-boot-starter-oauth2-resource-server-3.2.5.jar:/Users/ellenalliv/.m2/repository/org/springframework/security/spring-security-oauth2-resource-server/6.2.4/spring-security-oauth2-resource-server-6.2.4.jar:/Users/ellenalliv/.m2/repository/org/springframework/boot/spring-boot-starter-validation/3.2.5/spring-boot-starter-validation-3.2.5.jar:/Users/ellenalliv/.m2/repository/org/apache/tomcat/embed/tomcat-embed-el/10.1.20/tomcat-embed-el-10.1.20.jar:/Users/ellenalliv/.m2/repository/org/hibernate/validator/hibernate-validator/8.0.1.Final/hibernate-validator-8.0.1.Final.jar:/Users/ellenalliv/.m2/repository/jakarta/validation/jakarta.validation-api/3.0.2/jakarta.validation-api-3.0.2.jar:/Users/ellenalliv/.m2/repository/org/springframework/boot/spring-boot-starter-web/3.2.5/spring-boot-starter-web-3.2.5.jar:/Users/ellenalliv/.m2/repository/org/springframework/boot/spring-boot-starter-json/3.2.5/spring-boot-starter-json-3.2.5.jar:/Users/ellenalliv/.m2/repository/com/fasterxml/jackson/core/jackson-databind/2.15.4/jackson-databind-2.15.4.jar:/Users/ellenalliv/.m2/repository/com/fasterxml/jackson/datatype/jackson-datatype-jdk8/2.15.4/jackson-datatype-jdk8-2.15.4.jar:/Users/ellenalliv/.m2/repository/com/fasterxml/jackson/datatype/jackson-datatype-jsr310/2.15.4/jackson-datatype-jsr310-2.15.4.jar:/Users/ellenalliv/.m2/repository/com/fasterxml/jackson/module/jackson-module-parameter-names/2.15.4/jackson-module-parameter-names-2.15.4.jar:/Users/ellenalliv/.m2/repository/org/springframework/boot/spring-boot-starter-tomcat/3.2.5/spring-boot-starter-tomcat-3.2.5.jar:/Users/ellenalliv/.m2/repository/org/apache/tomcat/embed/tomcat-embed-core/10.1.20/tomcat-embed-core-10.1.20.jar:/Users/ellenalliv/.m2/repository/org/apache/tomcat/embed/tomcat-embed-websocket/10.1.20/tomcat-embed-websocket-10.1.20.jar:/Users/ellenalliv/.m2/repository/org/springframework/spring-web/6.1.6/spring-web-6.1.6.jar:/Users/ellenalliv/.m2/repository/org/springframework/spring-webmvc/6.1.6/spring-webmvc-6.1.6.jar:/Users/ellenalliv/.m2/repository/org/postgresql/postgresql/42.6.2/postgresql-42.6.2.jar:/Users/ellenalliv/.m2/repository/org/checkerframework/checker-qual/3.31.0/checker-qual-3.31.0.jar:/Users/ellenalliv/.m2/repository/org/projectlombok/lombok/1.18.32/lombok-1.18.32.jar:/Users/ellenalliv/.m2/repository/org/keycloak/keycloak-spring-boot-starter/24.0.4/keycloak-spring-boot-starter-24.0.4.jar:/Users/ellenalliv/.m2/repository/org/keycloak/keycloak-spring-boot-2-adapter/24.0.4/keycloak-spring-boot-2-adapter-24.0.4.jar:/Users/ellenalliv/.m2/repository/org/keycloak/keycloak-spring-boot-adapter-core/24.0.4/keycloak-spring-boot-adapter-core-24.0.4.jar:/Users/ellenalliv/.m2/repository/org/keycloak/keycloak-authz-client/24.0.4/keycloak-authz-client-24.0.4.jar:/Users/ellenalliv/.m2/repository/org/apache/httpcomponents/httpclient/4.5.14/httpclient-4.5.14.jar:/Users/ellenalliv/.m2/repository/org/apache/httpcomponents/httpcore/4.4.16/httpcore-4.4.16.jar:/Users/ellenalliv/.m2/repository/commons-logging/commons-logging/1.2/commons-logging-1.2.jar:/Users/ellenalliv/.m2/repository/org/keycloak/spring-boot-container-bundle/24.0.4/spring-boot-container-bundle-24.0.4.jar:/Users/ellenalliv/.m2/repository/org/keycloak/keycloak-adapter-core/24.0.4/keycloak-adapter-core-24.0.4.jar:/Users/ellenalliv/.m2/repository/org/keycloak/keycloak-crypto-default/24.0.4/keycloak-crypto-default-24.0.4.jar:/Users/ellenalliv/.m2/repository/org/keycloak/keycloak-server-spi/24.0.4/keycloak-server-spi-24.0.4.jar:/Users/ellenalliv/.m2/repository/org/keycloak/keycloak-server-spi-private/24.0.4/keycloak-server-spi-private-24.0.4.jar:/Users/ellenalliv/.m2/repository/org/bouncycastle/bcpkix-jdk18on/1.77/bcpkix-jdk18on-1.77.jar:/Users/ellenalliv/.m2/repository/org/bouncycastle/bcutil-jdk18on/1.77/bcutil-jdk18on-1.77.jar:/Users/ellenalliv/.m2/repository/org/keycloak/keycloak-spring-security-adapter/24.0.4/keycloak-spring-security-adapter-24.0.4.jar:/Users/ellenalliv/.m2/repository/org/keycloak/keycloak-adapter-spi/24.0.4/keycloak-adapter-spi-24.0.4.jar:/Users/ellenalliv/.m2/repository/org/keycloak/keycloak-policy-enforcer/24.0.4/keycloak-policy-enforcer-24.0.4.jar:/Users/ellenalliv/.m2/repository/org/bouncycastle/bcprov-jdk18on/1.77/bcprov-jdk18on-1.77.jar:/Users/ellenalliv/.m2/repository/com/fasterxml/jackson/core/jackson-core/2.15.4/jackson-core-2.15.4.jar:/Users/ellenalliv/.m2/repository/com/fasterxml/jackson/core/jackson-annotations/2.15.4/jackson-annotations-2.15.4.jar:/Users/ellenalliv/.m2/repository/org/keycloak/keycloak-admin-client/24.0.4/keycloak-admin-client-24.0.4.jar:/Users/ellenalliv/.m2/repository/org/keycloak/keycloak-core/24.0.4/keycloak-core-24.0.4.jar:/Users/ellenalliv/.m2/repository/org/keycloak/keycloak-common/24.0.4/keycloak-common-24.0.4.jar:/Users/ellenalliv/.m2/repository/org/jboss/resteasy/resteasy-client/6.2.7.Final/resteasy-client-6.2.7.Final.jar:/Users/ellenalliv/.m2/repository/org/jboss/resteasy/resteasy-client-api/6.2.7.Final/resteasy-client-api-6.2.7.Final.jar:/Users/ellenalliv/.m2/repository/org/jboss/resteasy/resteasy-core-spi/6.2.7.Final/resteasy-core-spi-6.2.7.Final.jar:/Users/ellenalliv/.m2/repository/org/jboss/resteasy/resteasy-core/6.2.7.Final/resteasy-core-6.2.7.Final.jar:/Users/ellenalliv/.m2/repository/org/jboss/jandex/2.4.4.Final/jandex-2.4.4.Final.jar:/Users/ellenalliv/.m2/repository/org/eclipse/angus/angus-activation/2.0.2/angus-activation-2.0.2.jar:/Users/ellenalliv/.m2/repository/com/ibm/async/asyncutil/0.1.0/asyncutil-0.1.0.jar:/Users/ellenalliv/.m2/repository/commons-codec/commons-codec/1.16.1/commons-codec-1.16.1.jar:/Users/ellenalliv/.m2/repository/jakarta/ws/rs/jakarta.ws.rs-api/3.1.0/jakarta.ws.rs-api-3.1.0.jar:/Users/ellenalliv/.m2/repository/org/reactivestreams/reactive-streams/1.0.4/reactive-streams-1.0.4.jar:/Users/ellenalliv/.m2/repository/org/jboss/resteasy/resteasy-multipart-provider/6.2.7.Final/resteasy-multipart-provider-6.2.7.Final.jar:/Users/ellenalliv/.m2/repository/jakarta/mail/jakarta.mail-api/2.1.3/jakarta.mail-api-2.1.3.jar:/Users/ellenalliv/.m2/repository/org/eclipse/angus/angus-mail/2.0.3/angus-mail-2.0.3.jar:/Users/ellenalliv/.m2/repository/org/apache/james/apache-mime4j-dom/0.8.9/apache-mime4j-dom-0.8.9.jar:/Users/ellenalliv/.m2/repository/org/apache/james/apache-mime4j-core/0.8.9/apache-mime4j-core-0.8.9.jar:/Users/ellenalliv/.m2/repository/org/apache/james/apache-mime4j-storage/0.8.9/apache-mime4j-storage-0.8.9.jar:/Users/ellenalliv/.m2/repository/commons-io/commons-io/2.11.0/commons-io-2.11.0.jar:/Users/ellenalliv/.m2/repository/org/jboss/resteasy/resteasy-jackson2-provider/6.2.7.Final/resteasy-jackson2-provider-6.2.7.Final.jar:/Users/ellenalliv/.m2/repository/com/fasterxml/jackson/jakarta/rs/jackson-jakarta-rs-base/2.15.4/jackson-jakarta-rs-base-2.15.4.jar:/Users/ellenalliv/.m2/repository/com/fasterxml/jackson/jakarta/rs/jackson-jakarta-rs-json-provider/2.15.4/jackson-jakarta-rs-json-provider-2.15.4.jar:/Users/ellenalliv/.m2/repository/com/fasterxml/jackson/module/jackson-module-jakarta-xmlbind-annotations/2.15.4/jackson-module-jakarta-xmlbind-annotations-2.15.4.jar:/Users/ellenalliv/.m2/repository/com/github/java-json-tools/json-patch/1.13/json-patch-1.13.jar:/Users/ellenalliv/.m2/repository/com/github/java-json-tools/msg-simple/1.2/msg-simple-1.2.jar:/Users/ellenalliv/.m2/repository/com/github/java-json-tools/btf/1.3/btf-1.3.jar:/Users/ellenalliv/.m2/repository/com/github/java-json-tools/jackson-coreutils/2.0/jackson-coreutils-2.0.jar:/Users/ellenalliv/.m2/repository/org/jboss/resteasy/resteasy-jaxb-provider/6.2.7.Final/resteasy-jaxb-provider-6.2.7.Final.jar:/Users/ellenalliv/.m2/repository/org/glassfish/jaxb/codemodel/4.0.5/codemodel-4.0.5.jar:/Users/ellenalliv/.m2/repository/org/glassfish/jaxb/jaxb-core/4.0.5/jaxb-core-4.0.5.jar:/Users/ellenalliv/.m2/repository/org/glassfish/jaxb/jaxb-jxc/4.0.5/jaxb-jxc-4.0.5.jar:/Users/ellenalliv/.m2/repository/org/glassfish/jaxb/txw2/4.0.5/txw2-4.0.5.jar:/Users/ellenalliv/.m2/repository/org/glassfish/jaxb/jaxb-xjc/4.0.5/jaxb-xjc-4.0.5.jar:/Users/ellenalliv/.m2/repository/org/glassfish/jaxb/xsom/4.0.5/xsom-4.0.5.jar:/Users/ellenalliv/.m2/repository/com/sun/istack/istack-commons-runtime/4.1.2/istack-commons-runtime-4.1.2.jar:/Users/ellenalliv/.m2/repository/com/sun/istack/istack-commons-tools/4.1.2/istack-commons-tools-4.1.2.jar:/Users/ellenalliv/.m2/repository/com/sun/xml/bind/external/relaxng-datatype/4.0.3/relaxng-datatype-4.0.3.jar:/Users/ellenalliv/.m2/repository/com/sun/xml/bind/external/rngom/4.0.3/rngom-4.0.3.jar:/Users/ellenalliv/.m2/repository/org/springframework/boot/spring-boot-starter-test/3.2.5/spring-boot-starter-test-3.2.5.jar:/Users/ellenalliv/.m2/repository/org/springframework/boot/spring-boot-test/3.2.5/spring-boot-test-3.2.5.jar:/Users/ellenalliv/.m2/repository/org/springframework/boot/spring-boot-test-autoconfigure/3.2.5/spring-boot-test-autoconfigure-3.2.5.jar:/Users/ellenalliv/.m2/repository/com/jayway/jsonpath/json-path/2.9.0/json-path-2.9.0.jar:/Users/ellenalliv/.m2/repository/jakarta/xml/bind/jakarta.xml.bind-api/4.0.2/jakarta.xml.bind-api-4.0.2.jar:/Users/ellenalliv/.m2/repository/jakarta/activation/jakarta.activation-api/2.1.3/jakarta.activation-api-2.1.3.jar:/Users/ellenalliv/.m2/repository/net/minidev/json-smart/2.5.1/json-smart-2.5.1.jar:/Users/ellenalliv/.m2/repository/net/minidev/accessors-smart/2.5.1/accessors-smart-2.5.1.jar:/Users/ellenalliv/.m2/repository/org/ow2/asm/asm/9.6/asm-9.6.jar:/Users/ellenalliv/.m2/repository/org/assertj/assertj-core/3.24.2/assertj-core-3.24.2.jar:/Users/ellenalliv/.m2/repository/org/awaitility/awaitility/4.2.1/awaitility-4.2.1.jar:/Users/ellenalliv/.m2/repository/org/hamcrest/hamcrest/2.2/hamcrest-2.2.jar:/Users/ellenalliv/.m2/repository/org/junit/jupiter/junit-jupiter/5.10.2/junit-jupiter-5.10.2.jar:/Users/ellenalliv/.m2/repository/org/junit/jupiter/junit-jupiter-api/5.10.2/junit-jupiter-api-5.10.2.jar:/Users/ellenalliv/.m2/repository/org/opentest4j/opentest4j/1.3.0/opentest4j-1.3.0.jar:/Users/ellenalliv/.m2/repository/org/junit/platform/junit-platform-commons/1.10.2/junit-platform-commons-1.10.2.jar:/Users/ellenalliv/.m2/repository/org/apiguardian/apiguardian-api/1.1.2/apiguardian-api-1.1.2.jar:/Users/ellenalliv/.m2/repository/org/junit/jupiter/junit-jupiter-params/5.10.2/junit-jupiter-params-5.10.2.jar:/Users/ellenalliv/.m2/repository/org/junit/jupiter/junit-jupiter-engine/5.10.2/junit-jupiter-engine-5.10.2.jar:/Users/ellenalliv/.m2/repository/org/junit/platform/junit-platform-engine/1.10.2/junit-platform-engine-1.10.2.jar:/Users/ellenalliv/.m2/repository/org/mockito/mockito-core/5.7.0/mockito-core-5.7.0.jar:/Users/ellenalliv/.m2/repository/net/bytebuddy/byte-buddy-agent/1.14.13/byte-buddy-agent-1.14.13.jar:/Users/ellenalliv/.m2/repository/org/objenesis/objenesis/3.3/objenesis-3.3.jar:/Users/ellenalliv/.m2/repository/org/mockito/mockito-junit-jupiter/5.7.0/mockito-junit-jupiter-5.7.0.jar:/Users/ellenalliv/.m2/repository/org/skyscreamer/jsonassert/1.5.1/jsonassert-1.5.1.jar:/Users/ellenalliv/.m2/repository/com/vaadin/external/google/android-json/0.0.20131108.vaadin1/android-json-0.0.20131108.vaadin1.jar:/Users/ellenalliv/.m2/repository/org/springframework/spring-core/6.1.6/spring-core-6.1.6.jar:/Users/ellenalliv/.m2/repository/org/springframework/spring-jcl/6.1.6/spring-jcl-6.1.6.jar:/Users/ellenalliv/.m2/repository/org/springframework/spring-test/6.1.6/spring-test-6.1.6.jar:/Users/ellenalliv/.m2/repository/org/xmlunit/xmlunit-core/2.9.1/xmlunit-core-2.9.1.jar:/Users/ellenalliv/.m2/repository/com/itextpdf/barcodes/8.0.4/barcodes-8.0.4.jar:/Users/ellenalliv/.m2/repository/com/itextpdf/font-asian/8.0.4/font-asian-8.0.4.jar:/Users/ellenalliv/.m2/repository/com/itextpdf/forms/8.0.4/forms-8.0.4.jar:/Users/ellenalliv/.m2/repository/com/itextpdf/hyph/8.0.4/hyph-8.0.4.jar:/Users/ellenalliv/.m2/repository/com/itextpdf/io/8.0.4/io-8.0.4.jar:/Users/ellenalliv/.m2/repository/com/itextpdf/commons/8.0.4/commons-8.0.4.jar:/Users/ellenalliv/.m2/repository/com/itextpdf/kernel/8.0.4/kernel-8.0.4.jar:/Users/ellenalliv/.m2/repository/com/itextpdf/layout/8.0.4/layout-8.0.4.jar:/Users/ellenalliv/.m2/repository/com/itextpdf/pdfa/8.0.4/pdfa-8.0.4.jar:/Users/ellenalliv/.m2/repository/com/itextpdf/sign/8.0.4/sign-8.0.4.jar:/Users/ellenalliv/.m2/repository/com/itextpdf/styled-xml-parser/8.0.4/styled-xml-parser-8.0.4.jar:/Users/ellenalliv/.m2/repository/com/itextpdf/svg/8.0.4/svg-8.0.4.jar:/Users/ellenalliv/.m2/repository/com/itextpdf/bouncy-castle-connector/8.0.4/bouncy-castle-connector-8.0.4.jar:/Users/ellenalliv/.m2/repository/com/itextpdf/pdfua/8.0.4/pdfua-8.0.4.jar:"/>
    <property name="sun.cpu.endian" value="little"/>
    <property name="user.home" value="/Users/ellenalliv"/>
    <property name="user.language" value="ru"/>
    <property name="java.specification.vendor" value="Oracle Corporation"/>
    <property name="java.version.date" value="2023-07-18"/>
    <property name="java.home" value="/Users/ellenalliv/.sdkman/candidates/java/17.0.8-tem"/>
    <property name="file.separator" value="/"/>
    <property name="basedir" value="/Users/ellenalliv/diplom/transport_solutions/core_service"/>
    <property name="java.vm.compressedOopsMode" value="Zero based"/>
    <property name="line.separator" value="&#10;"/>
    <property name="java.vm.specification.vendor" value="Oracle Corporation"/>
    <property name="java.specification.name" value="Java Platform API Specification"/>
    <property name="FILE_LOG_CHARSET" value="UTF-8"/>
    <property name="java.awt.headless" value="true"/>
    <property name="surefire.real.class.path" value="/Users/ellenalliv/diplom/transport_solutions/core_service/target/surefire/surefirebooter-20240522123702456_3.jar"/>
    <property name="sun.management.compiler" value="HotSpot 64-Bit Tiered Compilers"/>
    <property name="ftp.nonProxyHosts" value="local|*.local|169.254/16|*.169.254/16"/>
    <property name="java.runtime.version" value="17.0.8+7"/>
    <property name="user.name" value="ellenalliv"/>
    <property name="path.separator" value=":"/>
    <property name="os.version" value="14.1.2"/>
    <property name="java.runtime.name" value="OpenJDK Runtime Environment"/>
    <property name="file.encoding" value="UTF-8"/>
    <property name="java.vm.name" value="OpenJDK 64-Bit Server VM"/>
    <property name="java.vendor.version" value="Temurin-17.0.8+7"/>
    <property name="localRepository" value="/Users/ellenalliv/.m2/repository"/>
    <property name="java.vendor.url.bug" value="https://github.com/adoptium/adoptium-support/issues"/>
    <property name="java.io.tmpdir" value="/var/folders/vg/5ks2n9_s7ns_8zsvp3v_ft2c0000gn/T/"/>
    <property name="com.zaxxer.hikari.pool_number" value="1"/>
    <property name="java.version" value="17.0.8"/>
    <property name="user.dir" value="/Users/ellenalliv/diplom/transport_solutions/core_service"/>
    <property name="os.arch" value="aarch64"/>
    <property name="java.vm.specification.name" value="Java Virtual Machine Specification"/>
    <property name="PID" value="4856"/>
    <property name="CONSOLE_LOG_CHARSET" value="UTF-8"/>
    <property name="native.encoding" value="UTF-8"/>
    <property name="java.library.path" value="/Users/ellenalliv/Library/Java/Extensions:/Library/Java/Extensions:/Network/Library/Java/Extensions:/System/Library/Java/Extensions:/usr/lib/java:."/>
    <property name="java.vm.info" value="mixed mode"/>
    <property name="java.vendor" value="Eclipse Adoptium"/>
    <property name="java.vm.version" value="17.0.8+7"/>
    <property name="sun.io.unicode.encoding" value="UnicodeBig"/>
    <property name="socksNonProxyHosts" value="local|*.local|169.254/16|*.169.254/16"/>
    <property name="java.class.version" value="61.0"/>
    <property name="LOGGED_APPLICATION_NAME" value="[transport_solution] "/>
  </properties>
  <testcase name="contextLoads" classname="com.transportsolution.transportsolution.TransportSolutionApplicationTests" time="0.303">
    <system-out><![CDATA[Standard Commons Logging discovery in action with spring-jcl: please remove commons-logging.jar from classpath in order to avoid potential conflicts
12:37:02.867 [main] INFO org.springframework.test.context.support.AnnotationConfigContextLoaderUtils -- Could not detect default configuration classes for test class [com.transportsolution.transportsolution.TransportSolutionApplicationTests]: TransportSolutionApplicationTests does not declare any static, non-private, non-final, nested classes annotated with @Configuration.
12:37:02.915 [main] INFO org.springframework.boot.test.context.SpringBootTestContextBootstrapper -- Found @SpringBootConfiguration com.transportsolution.transportsolution.TransportSolutionApplication for test class com.transportsolution.transportsolution.TransportSolutionApplicationTests

  .   ____          _            __ _ _
 /\\ / ___'_ __ _ _(_)_ __  __ _ \ \ \ \
( ( )\___ | '_ | '_| | '_ \/ _` | \ \ \ \
 \\/  ___)| |_)| | | | | || (_| |  ) ) ) )
  '  |____| .__|_| |_|_| |_\__, | / / / /
 =========|_|==============|___/=/_/_/_/
 :: Spring Boot ::                (v3.2.5)

2024-05-22T12:37:03.099+05:00  INFO 4856 --- [transport_solution] [           main] c.t.t.TransportSolutionApplicationTests  : Starting TransportSolutionApplicationTests using Java 17.0.8 with PID 4856 (started by ellenalliv in /Users/ellenalliv/diplom/transport_solutions/core_service)
2024-05-22T12:37:03.099+05:00  INFO 4856 --- [transport_solution] [           main] c.t.t.TransportSolutionApplicationTests  : No active profile set, falling back to 1 default profile: "default"
2024-05-22T12:37:03.446+05:00  INFO 4856 --- [transport_solution] [           main] .s.d.r.c.RepositoryConfigurationDelegate : Bootstrapping Spring Data JPA repositories in DEFAULT mode.
2024-05-22T12:37:03.477+05:00  INFO 4856 --- [transport_solution] [           main] .s.d.r.c.RepositoryConfigurationDelegate : Finished Spring Data repository scanning in 27 ms. Found 5 JPA repository interfaces.
2024-05-22T12:37:03.714+05:00  INFO 4856 --- [transport_solution] [           main] o.hibernate.jpa.internal.util.LogHelper  : HHH000204: Processing PersistenceUnitInfo [name: default]
2024-05-22T12:37:03.742+05:00  INFO 4856 --- [transport_solution] [           main] org.hibernate.Version                    : HHH000412: Hibernate ORM core version 6.4.4.Final
2024-05-22T12:37:03.766+05:00  INFO 4856 --- [transport_solution] [           main] o.h.c.internal.RegionFactoryInitiator    : HHH000026: Second-level cache disabled
2024-05-22T12:37:03.883+05:00  INFO 4856 --- [transport_solution] [           main] o.s.o.j.p.SpringPersistenceUnitInfo      : No LoadTimeWeaver setup: ignoring JPA class transformer
2024-05-22T12:37:03.896+05:00  INFO 4856 --- [transport_solution] [           main] com.zaxxer.hikari.HikariDataSource       : HikariPool-1 - Starting...
2024-05-22T12:37:04.006+05:00  INFO 4856 --- [transport_solution] [           main] com.zaxxer.hikari.pool.HikariPool        : HikariPool-1 - Added connection org.postgresql.jdbc.PgConnection@12214f2f
2024-05-22T12:37:04.007+05:00  INFO 4856 --- [transport_solution] [           main] com.zaxxer.hikari.HikariDataSource       : HikariPool-1 - Start completed.
2024-05-22T12:37:04.521+05:00  INFO 4856 --- [transport_solution] [           main] o.h.e.t.j.p.i.JtaPlatformInitiator       : HHH000489: No JTA platform available (set 'hibernate.transaction.jta.platform' to enable JTA platform integration)
2024-05-22T12:37:04.628+05:00  INFO 4856 --- [transport_solution] [           main] j.LocalContainerEntityManagerFactoryBean : Initialized JPA EntityManagerFactory for persistence unit 'default'
2024-05-22T12:37:10.010+05:00  WARN 4856 --- [transport_solution] [           main] JpaBaseConfiguration$JpaWebConfiguration : spring.jpa.open-in-view is enabled by default. Therefore, database queries may be performed during view rendering. Explicitly configure spring.jpa.open-in-view to disable this warning
2024-05-22T12:37:10.182+05:00  INFO 4856 --- [transport_solution] [           main] o.s.s.web.DefaultSecurityFilterChain     : Will secure any request with [org.springframework.security.web.session.DisableEncodeUrlFilter@6ad036d6, org.springframework.security.web.context.request.async.WebAsyncManagerIntegrationFilter@6b72c62, org.springframework.security.web.context.SecurityContextHolderFilter@6ceeb592, org.springframework.security.web.header.HeaderWriterFilter@5ab7e997, org.springframework.web.filter.CorsFilter@5d180628, org.springframework.security.web.authentication.logout.LogoutFilter@57cfb4d8, org.springframework.security.oauth2.server.resource.web.authentication.BearerTokenAuthenticationFilter@4d82ded2, org.springframework.security.web.savedrequest.RequestCacheAwareFilter@35c69e6b, org.springframework.security.web.servletapi.SecurityContextHolderAwareRequestFilter@78e386a5, org.springframework.security.web.authentication.AnonymousAuthenticationFilter@7b4b559d, org.springframework.security.web.session.SessionManagementFilter@65374526, org.springframework.security.web.access.ExceptionTranslationFilter@1611ce1c, org.springframework.security.web.access.intercept.AuthorizationFilter@60773809]
2024-05-22T12:37:10.419+05:00  INFO 4856 --- [transport_solution] [           main] c.t.t.TransportSolutionApplicationTests  : Started TransportSolutionApplicationTests in 7.425 seconds (process running for 7.917)
]]></system-out>
  </testcase>
</testsuite>